[debug] [2019-09-04T23:38:58.390Z] ----------------------------------------------------------------------
[debug] [2019-09-04T23:38:58.392Z] Command:       /Users/michaelchristenson/.nvm/versions/node/v12.1.0/bin/node /Users/michaelchristenson/.nvm/versions/node/v12.1.0/bin/firebase serve
[debug] [2019-09-04T23:38:58.392Z] CLI Version:   7.2.2
[debug] [2019-09-04T23:38:58.392Z] Platform:      darwin
[debug] [2019-09-04T23:38:58.392Z] Node Version:  v12.1.0
[debug] [2019-09-04T23:38:58.393Z] Time:          Wed Sep 04 2019 16:38:58 GMT-0700 (Pacific Daylight Time)
[debug] [2019-09-04T23:38:58.393Z] ----------------------------------------------------------------------
[debug] 
[debug] [2019-09-04T23:38:58.401Z] > command requires scopes: ["email","openid","https://www.googleapis.com/auth/cloudplatformprojects.readonly","https://www.googleapis.com/auth/firebase","https://www.googleapis.com/auth/cloud-platform"]
[debug] [2019-09-04T23:38:58.401Z] > authorizing via signed-in user
[debug] [2019-09-04T23:38:58.401Z] [iam] checking project react-firestore-5a3c9 for permissions ["firebase.projects.get"]
[debug] [2019-09-04T23:38:58.403Z] >>> HTTP REQUEST POST https://cloudresourcemanager.googleapis.com/v1/projects/react-firestore-5a3c9:testIamPermissions  

[debug] [2019-09-04T23:38:58.894Z] <<< HTTP RESPONSE 200
[debug] [2019-09-04T23:38:58.896Z] >>> HTTP REQUEST GET https://firebase.googleapis.com/v1beta1/projects/react-firestore-5a3c9  
 
[debug] [2019-09-04T23:38:59.398Z] <<< HTTP RESPONSE 200
[info] 
[info] === Serving from '/Users/michaelchristenson/Desktop/firebase-react/sei-react-firebase'...
[info] 
[debug] [2019-09-04T23:38:59.401Z] >>> HTTP REQUEST GET https://firebase.googleapis.com/v1beta1/projects/react-firestore-5a3c9/webApps/-/config  
 
[warn] ⚠  Your requested "node" version "8" doesn't match your global version "12"
[debug] [2019-09-04T23:38:59.413Z] >>> HTTP REQUEST GET https://firebase.googleapis.com/v1beta1/projects/react-firestore-5a3c9/adminSdkConfig  
 
[debug] [2019-09-04T23:38:59.615Z] <<< HTTP RESPONSE 200
[info] ✔  functions: Emulator started at http://localhost:5001
[debug] [2019-09-04T23:38:59.929Z] <<< HTTP RESPONSE 200
[info] i  functions: Watching "/Users/michaelchristenson/Desktop/firebase-react/sei-react-firebase/functions" for Cloud Functions...
[warn] ⚠  hosting: Port 5000 is not available. Trying another port...
[info] i  hosting: Serving hosting files from: public
[info] ✔  hosting: Local server: http://localhost:5005
[debug] [2019-09-04T23:39:00.186Z] [runtime-status] Functions runtime initialized. {"cwd":"/Users/michaelchristenson/Desktop/firebase-react/sei-react-firebase/functions","node_version":"12.1.0"}
[debug] [2019-09-04T23:39:00.187Z] [runtime-status] Disabled runtime features: {"functions_config_helper":true,"network_filtering":true,"timeout":true,"memory_limiting":true,"admin_stubs":true} {}
[debug] [2019-09-04T23:39:00.188Z] [runtime-status] Resolved module firebase-admin {"declared":true,"installed":true,"version":"8.4.0","resolution":"/Users/michaelchristenson/Desktop/firebase-react/sei-react-firebase/functions/node_modules/firebase-admin/lib/index.js"}
[debug] [2019-09-04T23:39:00.188Z] [runtime-status] Resolved module firebase-functions {"declared":true,"installed":true,"version":"3.2.0","resolution":"/Users/michaelchristenson/Desktop/firebase-react/sei-react-firebase/functions/node_modules/firebase-functions/lib/index.js"}
[debug] [2019-09-04T23:39:00.189Z] [runtime-status] Resolved module firebase-functions {"declared":true,"installed":true,"version":"3.2.0","resolution":"/Users/michaelchristenson/Desktop/firebase-react/sei-react-firebase/functions/node_modules/firebase-functions/lib/index.js"}
[info] ✔  functions[app]: http function initialized (http://localhost:5001/react-firestore-5a3c9/us-central1/app).
[debug] [2019-09-04T23:39:34.098Z] Accepted request GET /react-firestore-5a3c9/us-central1/app/api/v1/get-tacos --> app
[debug] [2019-09-04T23:39:34.529Z] [runtime-status] Functions runtime initialized. {"cwd":"/Users/michaelchristenson/Desktop/firebase-react/sei-react-firebase/functions","node_version":"12.1.0"}
[info] i  functions: Beginning execution of "app"
[debug] [2019-09-04T23:39:34.530Z] [runtime-status] Disabled runtime features: {"functions_config_helper":true,"network_filtering":true,"timeout":true,"memory_limiting":true,"admin_stubs":true} {}
[debug] [2019-09-04T23:39:34.533Z] [runtime-status] Resolved module firebase-admin {"declared":true,"installed":true,"version":"8.4.0","resolution":"/Users/michaelchristenson/Desktop/firebase-react/sei-react-firebase/functions/node_modules/firebase-admin/lib/index.js"}
[debug] [2019-09-04T23:39:34.535Z] [runtime-status] Resolved module firebase-functions {"declared":true,"installed":true,"version":"3.2.0","resolution":"/Users/michaelchristenson/Desktop/firebase-react/sei-react-firebase/functions/node_modules/firebase-functions/lib/index.js"}
[debug] [2019-09-04T23:39:34.536Z] [runtime-status] Resolved module firebase-functions {"declared":true,"installed":true,"version":"3.2.0","resolution":"/Users/michaelchristenson/Desktop/firebase-react/sei-react-firebase/functions/node_modules/firebase-functions/lib/index.js"}
[debug] [2019-09-04T23:39:34.723Z] [runtime-status] Trigger "app" has been found, beginning invocation! {}
[debug] [2019-09-04T23:39:34.723Z] [runtime-status]  {"httpsTrigger":{},"name":"app","entryPoint":"app"}
[debug] [2019-09-04T23:39:34.723Z] [runtime-status] Running app in mode HTTPS {}
[debug] [2019-09-04T23:39:34.728Z] {"socketPath":"/var/folders/rp/fzg1v3912_30wx9vw8r8njm00000gn/T/firebase_emulator_invocation_37381.sock"}
[debug] [2019-09-04T23:39:34.730Z] [functions] Runtime ready! Sending request! {"socketPath":"/var/folders/rp/fzg1v3912_30wx9vw8r8njm00000gn/T/firebase_emulator_invocation_37381.sock"}
[debug] [2019-09-04T23:39:34.737Z] [runtime-status] Ephemeral server used! {}
[info] >  MVwWw00gsDmeBvbswcUec45d-LGSoH1z-hR2UEijlV5Cre0bOkFJfayUfOh8gzaVzKTqUyCVb9ReXN0f2hJytPXDdjN6PAKkMrb51_cMosX-186amznFxfHVZf9vXXYx
[debug] [2019-09-04T23:39:34.762Z] [runtime-status] Ephemeral server survived. {}
[info] i  functions: Finished "app" in ~1s
[debug] [2019-09-04T23:39:42.264Z] Accepted request GET /react-firestore-5a3c9/us-central1/app/api/v1/get-tacos --> app
[debug] [2019-09-04T23:39:42.541Z] [runtime-status] Functions runtime initialized. {"cwd":"/Users/michaelchristenson/Desktop/firebase-react/sei-react-firebase/functions","node_version":"12.1.0"}
[info] i  functions: Beginning execution of "app"
[debug] [2019-09-04T23:39:42.541Z] [runtime-status] Disabled runtime features: {"functions_config_helper":true,"network_filtering":true,"timeout":true,"memory_limiting":true,"admin_stubs":true} {}
[debug] [2019-09-04T23:39:42.543Z] [runtime-status] Resolved module firebase-admin {"declared":true,"installed":true,"version":"8.4.0","resolution":"/Users/michaelchristenson/Desktop/firebase-react/sei-react-firebase/functions/node_modules/firebase-admin/lib/index.js"}
[debug] [2019-09-04T23:39:42.544Z] [runtime-status] Resolved module firebase-functions {"declared":true,"installed":true,"version":"3.2.0","resolution":"/Users/michaelchristenson/Desktop/firebase-react/sei-react-firebase/functions/node_modules/firebase-functions/lib/index.js"}
[debug] [2019-09-04T23:39:42.544Z] [runtime-status] Resolved module firebase-functions {"declared":true,"installed":true,"version":"3.2.0","resolution":"/Users/michaelchristenson/Desktop/firebase-react/sei-react-firebase/functions/node_modules/firebase-functions/lib/index.js"}
[debug] [2019-09-04T23:39:42.631Z] [runtime-status] Trigger "app" has been found, beginning invocation! {}
[debug] [2019-09-04T23:39:42.631Z] [runtime-status]  {"httpsTrigger":{},"name":"app","entryPoint":"app"}
[debug] [2019-09-04T23:39:42.631Z] [runtime-status] Running app in mode HTTPS {}
[debug] [2019-09-04T23:39:42.635Z] {"socketPath":"/var/folders/rp/fzg1v3912_30wx9vw8r8njm00000gn/T/firebase_emulator_invocation_37385.sock"}
[debug] [2019-09-04T23:39:42.636Z] [functions] Runtime ready! Sending request! {"socketPath":"/var/folders/rp/fzg1v3912_30wx9vw8r8njm00000gn/T/firebase_emulator_invocation_37385.sock"}
[debug] [2019-09-04T23:39:42.641Z] [runtime-status] Ephemeral server used! {}
[info] >  MVwWw00gsDmeBvbswcUec45d-LGSoH1z-hR2UEijlV5Cre0bOkFJfayUfOh8gzaVzKTqUyCVb9ReXN0f2hJytPXDdjN6PAKkMrb51_cMosX-186amznFxfHVZf9vXXYx
[debug] [2019-09-04T23:39:42.665Z] [runtime-status] Ephemeral server survived. {}
[info] i  functions: Finished "app" in ~1s
